[0516/113104:INFO:exception_record.cc(518)] [QB]Process ID: 12372 Type: 1
[0516/113105:ERROR:network_change_notifier_win.cc(156)] WSALookupServiceBegin failed with: 8
[0516/113105:INFO:exception_record.cc(518)] [QB]Process ID: 8516 Type: 3
[0516/185431:ERROR:network_change_notifier_win.cc(156)] WSALookupServiceBegin failed with: 8
[0516/185432:ERROR:network_change_notifier_win.cc(156)] WSALookupServiceBegin failed with: 8
[0516/185441:ERROR:network_change_notifier_win.cc(156)] WSALookupServiceBegin failed with: 8
[0516/185442:ERROR:network_change_notifier_win.cc(156)] WSALookupServiceBegin failed with: 8
[0520/094209:INFO:exception_record.cc(518)] [QB]Process ID: 3268 Type: 1
[0520/094209:INFO:exception_record.cc(518)] [QB]Process ID: 7128 Type: 3
[0520/094212:FATAL:url_request_context.cc(108)] Check failed: false. Leaked 1 URLRequest(s). First URL: http://qbwup.imtt.qq.com/.
Backtrace:
	CLInfo [0x10F863B7+224727]
	cef_time_to_timet [0x10F4E4C1+635473]
	GetHandleVerifier [0x1110B48C+1569292]
	TerminateProcessWithoutDump [0x12D5A56E+9855774]
	IsSandboxedProcess [0x13A4B990+2542080]
	TerminateProcessWithoutDump [0x12C90887+9029175]
	TerminateProcessWithoutDump [0x12C908D5+9029253]
	TerminateProcessWithoutDump [0x12C90BAE+9029982]
	TerminateProcessWithoutDump [0x12C7F2B4+8958052]
	TerminateProcessWithoutDump [0x12C7F435+8958437]
	TerminateProcessWithoutDump [0x12C651F5+8851365]
	TerminateProcessWithoutDump [0x12C65438+8851944]
	TerminateProcessWithoutDump [0x12C654CB+8852091]
	LdrDeleteEnclave [0x77990466+182]
	RtlGetNtSystemRoot [0x7795D40C+108]
	LdrShutdownProcess [0x7796B044+244]
	RtlExitUserProcess [0x7797EED5+181]
	ExitProcess [0x76A54F33+19]
	(No symbol) [0x010B8AE8]
	(No symbol) [0x010B8A7E]
	(No symbol) [0x010B8BDF]
	(No symbol) [0x010B30CA]
	BaseThreadInitThunk [0x76A50419+25]
	RtlGetAppContainerNamedObjectPath [0x7798662D+237]
	RtlGetAppContainerNamedObjectPath [0x779865FD+189]

[0520/111047:INFO:exception_record.cc(518)] [QB]Process ID: 7108 Type: 1
[0520/111047:INFO:exception_record.cc(518)] [QB]Process ID: 7048 Type: 3
[0520/112704:INFO:exception_record.cc(518)] [QB]Process ID: 5848 Type: 2
[0520/141959:WARNING:dns_config_service_win.cc(674)] Failed to read DnsConfig.
[0520/161849:ERROR:gpu_watchdog_thread.cc(372)] The GPU process hung. Terminating after 15000 ms.
[0520/161859:INFO:exception_record.cc(518)] [QB]Process ID: 3044 Type: 3
[0520/175308:INFO:exception_record.cc(518)] [QB]Process ID: 1628 Type: 1
[0520/175308:INFO:exception_record.cc(518)] [QB]Process ID: 11092 Type: 3
[0520/181151:INFO:exception_record.cc(518)] [QB]Process ID: 4424 Type: 1
[0520/181152:INFO:exception_record.cc(518)] [QB]Process ID: 10692 Type: 3
[0520/192313:WARNING:dns_config_service_win.cc(674)] Failed to read DnsConfig.
[0522/115859:INFO:exception_record.cc(518)] [QB]Process ID: 7292 Type: 1
[0522/115859:INFO:exception_record.cc(518)] [QB]Process ID: 9684 Type: 3
[0522/194443:INFO:exception_record.cc(518)] [QB]Process ID: 9196 Type: 2
[0525/183032:INFO:exception_record.cc(518)] [QB]Process ID: 6864 Type: 1
[0525/183033:INFO:exception_record.cc(518)] [QB]Process ID: 1724 Type: 3
[0527/102455:INFO:exception_record.cc(518)] [QB]Process ID: 7384 Type: 1
[0527/102456:INFO:exception_record.cc(518)] [QB]Process ID: 9728 Type: 3
[0527/102755:INFO:exception_record.cc(518)] [QB]Process ID: 11272 Type: 1
[0527/102755:INFO:exception_record.cc(518)] [QB]Process ID: 7460 Type: 3
[0527/164221:INFO:exception_record.cc(518)] [QB]Process ID: 9820 Type: 2
[0527/164223:INFO:http_cache_transaction.cc(72)] IgnoreZeroCacheError: 0
[0527/164223:WARNING:quota_manager.cc(1833)] Create directory failed for path
[0527/164223:WARNING:quota_manager.cc(1833)] Create directory failed for path
[0527/165306:INFO:exception_record.cc(518)] [QB]Process ID: 588 Type: 2
[0527/171223:WARNING:quota_manager.cc(1833)] Create directory failed for path
[0527/174223:WARNING:quota_manager.cc(1833)] Create directory failed for path
[0527/181223:WARNING:quota_manager.cc(1833)] Create directory failed for path
[0527/184223:WARNING:quota_manager.cc(1833)] Create directory failed for path
[0527/191223:WARNING:quota_manager.cc(1833)] Create directory failed for path
[0527/194223:WARNING:quota_manager.cc(1833)] Create directory failed for path
[0527/201223:WARNING:quota_manager.cc(1833)] Create directory failed for path
[0527/204223:WARNING:quota_manager.cc(1833)] Create directory failed for path
[0527/211223:WARNING:quota_manager.cc(1833)] Create directory failed for path
[0527/214223:WARNING:quota_manager.cc(1833)] Create directory failed for path
[0527/221223:WARNING:quota_manager.cc(1833)] Create directory failed for path
[0527/224223:WARNING:quota_manager.cc(1833)] Create directory failed for path
[0527/231223:WARNING:quota_manager.cc(1833)] Create directory failed for path
[0527/234223:WARNING:quota_manager.cc(1833)] Create directory failed for path
[0528/001223:WARNING:quota_manager.cc(1833)] Create directory failed for path
[0528/004223:WARNING:quota_manager.cc(1833)] Create directory failed for path
[0528/011223:WARNING:quota_manager.cc(1833)] Create directory failed for path
[0528/014223:WARNING:quota_manager.cc(1833)] Create directory failed for path
[0528/021223:WARNING:quota_manager.cc(1833)] Create directory failed for path
[0528/024223:WARNING:quota_manager.cc(1833)] Create directory failed for path
[0528/031223:WARNING:quota_manager.cc(1833)] Create directory failed for path
[0528/034223:WARNING:quota_manager.cc(1833)] Create directory failed for path
[0528/041223:WARNING:quota_manager.cc(1833)] Create directory failed for path
[0528/044223:WARNING:quota_manager.cc(1833)] Create directory failed for path
[0528/051223:WARNING:quota_manager.cc(1833)] Create directory failed for path
[0528/054223:WARNING:quota_manager.cc(1833)] Create directory failed for path
[0528/061223:WARNING:quota_manager.cc(1833)] Create directory failed for path
[0528/064223:WARNING:quota_manager.cc(1833)] Create directory failed for path
[0528/071223:WARNING:quota_manager.cc(1833)] Create directory failed for path
[0528/074223:WARNING:quota_manager.cc(1833)] Create directory failed for path
[0528/081223:WARNING:quota_manager.cc(1833)] Create directory failed for path
[0528/084223:WARNING:quota_manager.cc(1833)] Create directory failed for path
[0528/091223:WARNING:quota_manager.cc(1833)] Create directory failed for path
[0528/094223:WARNING:quota_manager.cc(1833)] Create directory failed for path
[0528/101223:WARNING:quota_manager.cc(1833)] Create directory failed for path
[0528/104223:WARNING:quota_manager.cc(1833)] Create directory failed for path
[0528/111223:WARNING:quota_manager.cc(1833)] Create directory failed for path
[0528/114223:WARNING:quota_manager.cc(1833)] Create directory failed for path
[0528/114823:WARNING:dns_config_service_win.cc(674)] Failed to read DnsConfig.
[0528/114823:WARNING:dns_config_service_win.cc(674)] Failed to read DnsConfig.
[0528/114828:WARNING:dns_config_service_win.cc(674)] Failed to read DnsConfig.
[0528/114828:WARNING:dns_config_service_win.cc(674)] Failed to read DnsConfig.
[0528/114833:WARNING:dns_config_service_win.cc(674)] Failed to read DnsConfig.
[0528/114833:WARNING:dns_config_service_win.cc(674)] Failed to read DnsConfig.
[0528/114838:WARNING:dns_config_service_win.cc(674)] Failed to read DnsConfig.
[0528/114838:WARNING:dns_config_service_win.cc(674)] Failed to read DnsConfig.
[0528/114843:WARNING:dns_config_service_win.cc(674)] Failed to read DnsConfig.
[0528/114848:WARNING:dns_config_service_win.cc(674)] Failed to read DnsConfig.
[0528/114853:WARNING:dns_config_service_win.cc(674)] Failed to read DnsConfig.
[0528/114858:WARNING:dns_config_service_win.cc(674)] Failed to read DnsConfig.
[0528/114903:WARNING:dns_config_service_win.cc(674)] Failed to read DnsConfig.
[0528/114908:WARNING:dns_config_service_win.cc(674)] Failed to read DnsConfig.
[0528/114913:WARNING:dns_config_service_win.cc(674)] Failed to read DnsConfig.
[0528/114918:WARNING:dns_config_service_win.cc(674)] Failed to read DnsConfig.
[0528/114923:WARNING:dns_config_service_win.cc(674)] Failed to read DnsConfig.
[0528/114928:WARNING:dns_config_service_win.cc(674)] Failed to read DnsConfig.
[0528/114933:WARNING:dns_config_service_win.cc(674)] Failed to read DnsConfig.
[0528/114938:WARNING:dns_config_service_win.cc(674)] Failed to read DnsConfig.
[0528/114943:WARNING:dns_config_service_win.cc(674)] Failed to read DnsConfig.
[0528/114948:WARNING:dns_config_service_win.cc(674)] Failed to read DnsConfig.
[0528/114953:WARNING:dns_config_service_win.cc(674)] Failed to read DnsConfig.
[0528/121223:WARNING:quota_manager.cc(1833)] Create directory failed for path
[0528/124223:WARNING:quota_manager.cc(1833)] Create directory failed for path
[0528/131223:WARNING:quota_manager.cc(1833)] Create directory failed for path
[0528/134223:WARNING:quota_manager.cc(1833)] Create directory failed for path
[0528/141223:WARNING:quota_manager.cc(1833)] Create directory failed for path
[0528/144223:WARNING:quota_manager.cc(1833)] Create directory failed for path
[0528/151223:WARNING:quota_manager.cc(1833)] Create directory failed for path
[0528/154223:WARNING:quota_manager.cc(1833)] Create directory failed for path
[0528/161223:WARNING:quota_manager.cc(1833)] Create directory failed for path
[0528/164223:WARNING:quota_manager.cc(1833)] Create directory failed for path
[0528/171223:WARNING:quota_manager.cc(1833)] Create directory failed for path
[0528/174223:WARNING:quota_manager.cc(1833)] Create directory failed for path
[0528/181223:WARNING:quota_manager.cc(1833)] Create directory failed for path
[0528/184223:WARNING:quota_manager.cc(1833)] Create directory failed for path
[0528/191223:WARNING:quota_manager.cc(1833)] Create directory failed for path
[0528/194223:WARNING:quota_manager.cc(1833)] Create directory failed for path
[0528/201223:WARNING:quota_manager.cc(1833)] Create directory failed for path
[0528/204223:WARNING:quota_manager.cc(1833)] Create directory failed for path
[0528/211223:WARNING:quota_manager.cc(1833)] Create directory failed for path
[0528/214223:WARNING:quota_manager.cc(1833)] Create directory failed for path
[0528/221223:WARNING:quota_manager.cc(1833)] Create directory failed for path
[0528/224223:WARNING:quota_manager.cc(1833)] Create directory failed for path
[0528/231223:WARNING:quota_manager.cc(1833)] Create directory failed for path
[0528/234223:WARNING:quota_manager.cc(1833)] Create directory failed for path
[0529/001223:WARNING:quota_manager.cc(1833)] Create directory failed for path
[0529/004223:WARNING:quota_manager.cc(1833)] Create directory failed for path
[0529/011223:WARNING:quota_manager.cc(1833)] Create directory failed for path
[0529/014223:WARNING:quota_manager.cc(1833)] Create directory failed for path
[0529/021223:WARNING:quota_manager.cc(1833)] Create directory failed for path
[0529/024223:WARNING:quota_manager.cc(1833)] Create directory failed for path
[0529/031223:WARNING:quota_manager.cc(1833)] Create directory failed for path
[0529/034223:WARNING:quota_manager.cc(1833)] Create directory failed for path
[0529/041223:WARNING:quota_manager.cc(1833)] Create directory failed for path
[0529/044223:WARNING:quota_manager.cc(1833)] Create directory failed for path
[0529/051223:WARNING:quota_manager.cc(1833)] Create directory failed for path
[0529/054223:WARNING:quota_manager.cc(1833)] Create directory failed for path
[0529/061223:WARNING:quota_manager.cc(1833)] Create directory failed for path
[0529/064223:WARNING:quota_manager.cc(1833)] Create directory failed for path
[0529/071223:WARNING:quota_manager.cc(1833)] Create directory failed for path
[0529/074223:WARNING:quota_manager.cc(1833)] Create directory failed for path
[0529/081223:WARNING:quota_manager.cc(1833)] Create directory failed for path
[0529/084223:WARNING:quota_manager.cc(1833)] Create directory failed for path
[0529/091223:WARNING:quota_manager.cc(1833)] Create directory failed for path
[0529/094223:WARNING:quota_manager.cc(1833)] Create directory failed for path
[0529/101223:WARNING:quota_manager.cc(1833)] Create directory failed for path
[0529/104223:WARNING:quota_manager.cc(1833)] Create directory failed for path
[0529/111223:WARNING:quota_manager.cc(1833)] Create directory failed for path
[0529/114223:WARNING:quota_manager.cc(1833)] Create directory failed for path
[0529/121223:WARNING:quota_manager.cc(1833)] Create directory failed for path
[0529/124223:WARNING:quota_manager.cc(1833)] Create directory failed for path
[0529/131223:WARNING:quota_manager.cc(1833)] Create directory failed for path
[0529/134223:WARNING:quota_manager.cc(1833)] Create directory failed for path
[0529/141223:WARNING:quota_manager.cc(1833)] Create directory failed for path
[0529/144223:WARNING:quota_manager.cc(1833)] Create directory failed for path
[0529/145211:INFO:exception_record.cc(518)] [QB]Process ID: 1516 Type: 2
[0529/151223:WARNING:quota_manager.cc(1833)] Create directory failed for path
[0529/154223:WARNING:quota_manager.cc(1833)] Create directory failed for path
[0529/161223:WARNING:quota_manager.cc(1833)] Create directory failed for path
[0529/164223:WARNING:quota_manager.cc(1833)] Create directory failed for path
[0529/171223:WARNING:quota_manager.cc(1833)] Create directory failed for path
[0529/174223:WARNING:quota_manager.cc(1833)] Create directory failed for path
[0529/181223:WARNING:quota_manager.cc(1833)] Create directory failed for path
[0529/184223:WARNING:quota_manager.cc(1833)] Create directory failed for path
[0529/191223:WARNING:quota_manager.cc(1833)] Create directory failed for path
[0529/194223:WARNING:quota_manager.cc(1833)] Create directory failed for path
[0529/201223:WARNING:quota_manager.cc(1833)] Create directory failed for path
[0529/204223:WARNING:quota_manager.cc(1833)] Create directory failed for path
[0529/211223:WARNING:quota_manager.cc(1833)] Create directory failed for path
[0529/214223:WARNING:quota_manager.cc(1833)] Create directory failed for path
[0529/221223:WARNING:quota_manager.cc(1833)] Create directory failed for path
[0529/224223:WARNING:quota_manager.cc(1833)] Create directory failed for path
[0529/231223:WARNING:quota_manager.cc(1833)] Create directory failed for path
[0529/234223:WARNING:quota_manager.cc(1833)] Create directory failed for path
[0530/001223:WARNING:quota_manager.cc(1833)] Create directory failed for path
[0530/004223:WARNING:quota_manager.cc(1833)] Create directory failed for path
[0530/011223:WARNING:quota_manager.cc(1833)] Create directory failed for path
[0530/014223:WARNING:quota_manager.cc(1833)] Create directory failed for path
[0530/021223:WARNING:quota_manager.cc(1833)] Create directory failed for path
[0530/024223:WARNING:quota_manager.cc(1833)] Create directory failed for path
[0530/031223:WARNING:quota_manager.cc(1833)] Create directory failed for path
[0530/034223:WARNING:quota_manager.cc(1833)] Create directory failed for path
[0530/041223:WARNING:quota_manager.cc(1833)] Create directory failed for path
[0530/044223:WARNING:quota_manager.cc(1833)] Create directory failed for path
[0530/051223:WARNING:quota_manager.cc(1833)] Create directory failed for path
[0530/054223:WARNING:quota_manager.cc(1833)] Create directory failed for path
[0530/061223:WARNING:quota_manager.cc(1833)] Create directory failed for path
[0530/064223:WARNING:quota_manager.cc(1833)] Create directory failed for path
[0530/071223:WARNING:quota_manager.cc(1833)] Create directory failed for path
[0530/074223:WARNING:quota_manager.cc(1833)] Create directory failed for path
[0530/081223:WARNING:quota_manager.cc(1833)] Create directory failed for path
[0530/084223:WARNING:quota_manager.cc(1833)] Create directory failed for path
[0530/091223:WARNING:quota_manager.cc(1833)] Create directory failed for path
[0530/094223:WARNING:quota_manager.cc(1833)] Create directory failed for path
[0530/101223:WARNING:quota_manager.cc(1833)] Create directory failed for path
[0530/104223:WARNING:quota_manager.cc(1833)] Create directory failed for path
[0530/111223:WARNING:quota_manager.cc(1833)] Create directory failed for path
[0530/114223:WARNING:quota_manager.cc(1833)] Create directory failed for path
[0530/121223:WARNING:quota_manager.cc(1833)] Create directory failed for path
[0530/124223:WARNING:quota_manager.cc(1833)] Create directory failed for path
[0530/131223:WARNING:quota_manager.cc(1833)] Create directory failed for path
[0530/134223:WARNING:quota_manager.cc(1833)] Create directory failed for path
[0530/140700:INFO:exception_record.cc(518)] [QB]Process ID: 5716 Type: 2
[0530/141223:WARNING:quota_manager.cc(1833)] Create directory failed for path
[0530/144223:WARNING:quota_manager.cc(1833)] Create directory failed for path
[0530/151223:WARNING:quota_manager.cc(1833)] Create directory failed for path
[0530/154223:WARNING:quota_manager.cc(1833)] Create directory failed for path
[0530/160622:INFO:exception_record.cc(518)] [QB]Process ID: 12012 Type: 2
[0530/161223:WARNING:quota_manager.cc(1833)] Create directory failed for path
[0530/164223:WARNING:quota_manager.cc(1833)] Create directory failed for path
[0530/171223:WARNING:quota_manager.cc(1833)] Create directory failed for path
[0530/174223:WARNING:quota_manager.cc(1833)] Create directory failed for path
[0530/181223:WARNING:quota_manager.cc(1833)] Create directory failed for path
[0530/184223:WARNING:quota_manager.cc(1833)] Create directory failed for path
[0530/191223:WARNING:quota_manager.cc(1833)] Create directory failed for path
[0530/194223:WARNING:quota_manager.cc(1833)] Create directory failed for path
[0530/201223:WARNING:quota_manager.cc(1833)] Create directory failed for path
[0530/204223:WARNING:quota_manager.cc(1833)] Create directory failed for path
[0530/211223:WARNING:quota_manager.cc(1833)] Create directory failed for path
[0530/214223:WARNING:quota_manager.cc(1833)] Create directory failed for path
[0530/221223:WARNING:quota_manager.cc(1833)] Create directory failed for path
[0530/224223:WARNING:quota_manager.cc(1833)] Create directory failed for path
[0530/231223:WARNING:quota_manager.cc(1833)] Create directory failed for path
[0530/234223:WARNING:quota_manager.cc(1833)] Create directory failed for path
[0531/001223:WARNING:quota_manager.cc(1833)] Create directory failed for path
[0531/004223:WARNING:quota_manager.cc(1833)] Create directory failed for path
[0531/011223:WARNING:quota_manager.cc(1833)] Create directory failed for path
[0531/014223:WARNING:quota_manager.cc(1833)] Create directory failed for path
[0531/021225:WARNING:quota_manager.cc(1833)] Create directory failed for path
[0531/024225:WARNING:quota_manager.cc(1833)] Create directory failed for path
[0531/031225:WARNING:quota_manager.cc(1833)] Create directory failed for path
[0531/034225:WARNING:quota_manager.cc(1833)] Create directory failed for path
[0531/041225:WARNING:quota_manager.cc(1833)] Create directory failed for path
[0531/044225:WARNING:quota_manager.cc(1833)] Create directory failed for path
[0531/051225:WARNING:quota_manager.cc(1833)] Create directory failed for path
[0531/054225:WARNING:quota_manager.cc(1833)] Create directory failed for path
[0531/061225:WARNING:quota_manager.cc(1833)] Create directory failed for path
[0531/064225:WARNING:quota_manager.cc(1833)] Create directory failed for path
[0531/071225:WARNING:quota_manager.cc(1833)] Create directory failed for path
[0531/074225:WARNING:quota_manager.cc(1833)] Create directory failed for path
[0531/081225:WARNING:quota_manager.cc(1833)] Create directory failed for path
[0531/084225:WARNING:quota_manager.cc(1833)] Create directory failed for path
[0531/091225:WARNING:quota_manager.cc(1833)] Create directory failed for path
[0531/094225:WARNING:quota_manager.cc(1833)] Create directory failed for path
[0531/101225:WARNING:quota_manager.cc(1833)] Create directory failed for path
[0531/180853:INFO:exception_record.cc(518)] [QB]Process ID: 14024 Type: 1
[0531/180853:INFO:exception_record.cc(518)] [QB]Process ID: 11812 Type: 3
[0603/151756:INFO:exception_record.cc(518)] [QB]Process ID: 4480 Type: 1
[0604/104144:INFO:exception_record.cc(518)] [QB]Process ID: 6044 Type: 1
[0604/104145:INFO:exception_record.cc(518)] [QB]Process ID: 14368 Type: 3
[0604/105004:INFO:exception_record.cc(518)] [QB]Process ID: 1856 Type: 2
[0606/150045:INFO:exception_record.cc(518)] [QB]Process ID: 7380 Type: 1
[0606/150046:INFO:exception_record.cc(518)] [QB]Process ID: 9580 Type: 3
[0611/095249:INFO:exception_record.cc(518)] [QB]Process ID: 14288 Type: 1
[0611/095249:INFO:exception_record.cc(518)] [QB]Process ID: 16448 Type: 3
[0612/193921:INFO:exception_record.cc(518)] [QB]Process ID: 1268 Type: 1
[0612/193921:INFO:exception_record.cc(518)] [QB]Process ID: 6772 Type: 3
[0613/133618:INFO:exception_record.cc(518)] [QB]Process ID: 8164 Type: 1
[0613/133619:INFO:exception_record.cc(518)] [QB]Process ID: 11120 Type: 3
[0613/170554:WARNING:dns_config_service_win.cc(674)] Failed to read DnsConfig.
[0614/100824:INFO:exception_record.cc(518)] [QB]Process ID: 3516 Type: 1
[0614/100825:INFO:exception_record.cc(518)] [QB]Process ID: 13172 Type: 3
[0615/095626:INFO:exception_record.cc(518)] [QB]Process ID: 13396 Type: 2
[0615/095629:INFO:http_cache_transaction.cc(72)] IgnoreZeroCacheError: 0
[0617/142741:INFO:exception_record.cc(518)] [QB]Process ID: 10704 Type: 2
